
*** Running vivado
    with args -log system_interconnect_xbar_0.vds -m64 -product Vivado -mode batch -messageDb vivado.pb -notrace -source system_interconnect_xbar_0.tcl



****** Vivado v2022.1 (64-bit)
  **** SW Build 3526262 on Mon Apr 18 15:48:16 MDT 2022
  **** IP Build 3524634 on Mon Apr 18 20:55:01 MDT 2022
    ** Copyright 1986-2022 Xilinx, Inc. All Rights Reserved.

source system_interconnect_xbar_0.tcl -notrace
create_project: Time (s): cpu = 00:00:07 ; elapsed = 00:00:12 . Memory (MB): peak = 1286.563 ; gain = 0.000
Command: synth_design -top system_interconnect_xbar_0 -part xczu9eg-ffvb1156-2-e -incremental_mode off -mode out_of_context
Starting synth_design
Attempting to get a license for feature 'Synthesis' and/or device 'xczu9eg'
INFO: [Common 17-349] Got license for feature 'Synthesis' and/or device 'xczu9eg'
INFO: [Common 17-1540] The version limit for your license is '2022.07' and has expired for new software. A version limit expiration means that, although you may be able to continue to use the current version of tools or IP with this license, you will not be eligible for new releases.
INFO: [Device 21-403] Loading part xczu9eg-ffvb1156-2-e
INFO: [Synth 8-7079] Multithreading enabled for synth_design using a maximum of 2 processes.
INFO: [Synth 8-7078] Launching helper process for spawning children vivado processes
INFO: [Synth 8-7075] Helper process launched with PID 268
WARNING: [Synth 8-9501] generate block is allowed only inside loop and conditional generate in SystemVerilog mode [E:/Xilinx/Vivado/2022.1/data/ip/xpm/xpm_fifo/hdl/xpm_fifo.sv:4023]
---------------------------------------------------------------------------------
Starting RTL Elaboration : Time (s): cpu = 00:00:16 ; elapsed = 00:00:21 . Memory (MB): peak = 1724.668 ; gain = 325.418
---------------------------------------------------------------------------------
INFO: [Synth 8-6157] synthesizing module 'system_interconnect_xbar_0' [c:/Users/eorzes/cernbox/git/fanout_sma/src/bd/system_interconnect/ip/system_interconnect_xbar_0/synth/system_interconnect_xbar_0.v:53]
INFO: [Synth 8-6157] synthesizing module 'axi_crossbar_v2_1_27_axi_crossbar' [c:/Users/eorzes/cernbox/git/fanout_sma/src/bd/system_interconnect/ipshared/3fa0/hdl/axi_crossbar_v2_1_vl_rfs.v:4883]
INFO: [Synth 8-6157] synthesizing module 'axi_crossbar_v2_1_27_crossbar' [c:/Users/eorzes/cernbox/git/fanout_sma/src/bd/system_interconnect/ipshared/3fa0/hdl/axi_crossbar_v2_1_vl_rfs.v:2238]
INFO: [Synth 8-6157] synthesizing module 'axi_crossbar_v2_1_27_si_transactor' [c:/Users/eorzes/cernbox/git/fanout_sma/src/bd/system_interconnect/ipshared/3fa0/hdl/axi_crossbar_v2_1_vl_rfs.v:3799]
INFO: [Synth 8-6157] synthesizing module 'axi_crossbar_v2_1_27_addr_decoder' [c:/Users/eorzes/cernbox/git/fanout_sma/src/bd/system_interconnect/ipshared/3fa0/hdl/axi_crossbar_v2_1_vl_rfs.v:793]
INFO: [Synth 8-6157] synthesizing module 'generic_baseblocks_v2_1_0_comparator_static' [c:/Users/eorzes/cernbox/git/fanout_sma/src/bd/system_interconnect/ipshared/b752/hdl/generic_baseblocks_v2_1_vl_rfs.v:2132]
INFO: [Synth 8-6157] synthesizing module 'generic_baseblocks_v2_1_0_carry_and' [c:/Users/eorzes/cernbox/git/fanout_sma/src/bd/system_interconnect/ipshared/b752/hdl/generic_baseblocks_v2_1_vl_rfs.v:61]
INFO: [Synth 8-6155] done synthesizing module 'generic_baseblocks_v2_1_0_carry_and' (0#1) [c:/Users/eorzes/cernbox/git/fanout_sma/src/bd/system_interconnect/ipshared/b752/hdl/generic_baseblocks_v2_1_vl_rfs.v:61]
INFO: [Synth 8-6155] done synthesizing module 'generic_baseblocks_v2_1_0_comparator_static' (0#1) [c:/Users/eorzes/cernbox/git/fanout_sma/src/bd/system_interconnect/ipshared/b752/hdl/generic_baseblocks_v2_1_vl_rfs.v:2132]
INFO: [Synth 8-6157] synthesizing module 'generic_baseblocks_v2_1_0_comparator_static__parameterized0' [c:/Users/eorzes/cernbox/git/fanout_sma/src/bd/system_interconnect/ipshared/b752/hdl/generic_baseblocks_v2_1_vl_rfs.v:2132]
INFO: [Synth 8-6155] done synthesizing module 'generic_baseblocks_v2_1_0_comparator_static__parameterized0' (0#1) [c:/Users/eorzes/cernbox/git/fanout_sma/src/bd/system_interconnect/ipshared/b752/hdl/generic_baseblocks_v2_1_vl_rfs.v:2132]
INFO: [Synth 8-6157] synthesizing module 'generic_baseblocks_v2_1_0_comparator_static__parameterized1' [c:/Users/eorzes/cernbox/git/fanout_sma/src/bd/system_interconnect/ipshared/b752/hdl/generic_baseblocks_v2_1_vl_rfs.v:2132]
INFO: [Synth 8-6155] done synthesizing module 'generic_baseblocks_v2_1_0_comparator_static__parameterized1' (0#1) [c:/Users/eorzes/cernbox/git/fanout_sma/src/bd/system_interconnect/ipshared/b752/hdl/generic_baseblocks_v2_1_vl_rfs.v:2132]
INFO: [Synth 8-6157] synthesizing module 'generic_baseblocks_v2_1_0_comparator_static__parameterized2' [c:/Users/eorzes/cernbox/git/fanout_sma/src/bd/system_interconnect/ipshared/b752/hdl/generic_baseblocks_v2_1_vl_rfs.v:2132]
INFO: [Synth 8-6155] done synthesizing module 'generic_baseblocks_v2_1_0_comparator_static__parameterized2' (0#1) [c:/Users/eorzes/cernbox/git/fanout_sma/src/bd/system_interconnect/ipshared/b752/hdl/generic_baseblocks_v2_1_vl_rfs.v:2132]
INFO: [Synth 8-6157] synthesizing module 'generic_baseblocks_v2_1_0_comparator_static__parameterized3' [c:/Users/eorzes/cernbox/git/fanout_sma/src/bd/system_interconnect/ipshared/b752/hdl/generic_baseblocks_v2_1_vl_rfs.v:2132]
INFO: [Synth 8-6155] done synthesizing module 'generic_baseblocks_v2_1_0_comparator_static__parameterized3' (0#1) [c:/Users/eorzes/cernbox/git/fanout_sma/src/bd/system_interconnect/ipshared/b752/hdl/generic_baseblocks_v2_1_vl_rfs.v:2132]
INFO: [Synth 8-6157] synthesizing module 'generic_baseblocks_v2_1_0_comparator_static__parameterized4' [c:/Users/eorzes/cernbox/git/fanout_sma/src/bd/system_interconnect/ipshared/b752/hdl/generic_baseblocks_v2_1_vl_rfs.v:2132]
INFO: [Synth 8-6155] done synthesizing module 'generic_baseblocks_v2_1_0_comparator_static__parameterized4' (0#1) [c:/Users/eorzes/cernbox/git/fanout_sma/src/bd/system_interconnect/ipshared/b752/hdl/generic_baseblocks_v2_1_vl_rfs.v:2132]
INFO: [Synth 8-6155] done synthesizing module 'axi_crossbar_v2_1_27_addr_decoder' (0#1) [c:/Users/eorzes/cernbox/git/fanout_sma/src/bd/system_interconnect/ipshared/3fa0/hdl/axi_crossbar_v2_1_vl_rfs.v:793]
INFO: [Synth 8-6157] synthesizing module 'axi_data_fifo_v2_1_25_axic_srl_fifo' [c:/Users/eorzes/cernbox/git/fanout_sma/src/bd/system_interconnect/ipshared/5390/hdl/axi_data_fifo_v2_1_vl_rfs.v:697]
INFO: [Synth 8-6157] synthesizing module 'axi_data_fifo_v2_1_25_ndeep_srl' [c:/Users/eorzes/cernbox/git/fanout_sma/src/bd/system_interconnect/ipshared/5390/hdl/axi_data_fifo_v2_1_vl_rfs.v:1134]
INFO: [Synth 8-6155] done synthesizing module 'axi_data_fifo_v2_1_25_ndeep_srl' (0#1) [c:/Users/eorzes/cernbox/git/fanout_sma/src/bd/system_interconnect/ipshared/5390/hdl/axi_data_fifo_v2_1_vl_rfs.v:1134]
INFO: [Synth 8-6155] done synthesizing module 'axi_data_fifo_v2_1_25_axic_srl_fifo' (0#1) [c:/Users/eorzes/cernbox/git/fanout_sma/src/bd/system_interconnect/ipshared/5390/hdl/axi_data_fifo_v2_1_vl_rfs.v:697]
INFO: [Synth 8-6157] synthesizing module 'generic_baseblocks_v2_1_0_mux_enc' [c:/Users/eorzes/cernbox/git/fanout_sma/src/bd/system_interconnect/ipshared/b752/hdl/generic_baseblocks_v2_1_vl_rfs.v:2451]
INFO: [Synth 8-6155] done synthesizing module 'generic_baseblocks_v2_1_0_mux_enc' (0#1) [c:/Users/eorzes/cernbox/git/fanout_sma/src/bd/system_interconnect/ipshared/b752/hdl/generic_baseblocks_v2_1_vl_rfs.v:2451]
INFO: [Synth 8-6155] done synthesizing module 'axi_crossbar_v2_1_27_si_transactor' (0#1) [c:/Users/eorzes/cernbox/git/fanout_sma/src/bd/system_interconnect/ipshared/3fa0/hdl/axi_crossbar_v2_1_vl_rfs.v:3799]
INFO: [Synth 8-6157] synthesizing module 'axi_crossbar_v2_1_27_si_transactor__parameterized0' [c:/Users/eorzes/cernbox/git/fanout_sma/src/bd/system_interconnect/ipshared/3fa0/hdl/axi_crossbar_v2_1_vl_rfs.v:3799]
INFO: [Synth 8-6157] synthesizing module 'generic_baseblocks_v2_1_0_mux_enc__parameterized0' [c:/Users/eorzes/cernbox/git/fanout_sma/src/bd/system_interconnect/ipshared/b752/hdl/generic_baseblocks_v2_1_vl_rfs.v:2451]
INFO: [Synth 8-6155] done synthesizing module 'generic_baseblocks_v2_1_0_mux_enc__parameterized0' (0#1) [c:/Users/eorzes/cernbox/git/fanout_sma/src/bd/system_interconnect/ipshared/b752/hdl/generic_baseblocks_v2_1_vl_rfs.v:2451]
INFO: [Synth 8-6155] done synthesizing module 'axi_crossbar_v2_1_27_si_transactor__parameterized0' (0#1) [c:/Users/eorzes/cernbox/git/fanout_sma/src/bd/system_interconnect/ipshared/3fa0/hdl/axi_crossbar_v2_1_vl_rfs.v:3799]
INFO: [Synth 8-6157] synthesizing module 'axi_crossbar_v2_1_27_splitter' [c:/Users/eorzes/cernbox/git/fanout_sma/src/bd/system_interconnect/ipshared/3fa0/hdl/axi_crossbar_v2_1_vl_rfs.v:4460]
INFO: [Synth 8-6155] done synthesizing module 'axi_crossbar_v2_1_27_splitter' (0#1) [c:/Users/eorzes/cernbox/git/fanout_sma/src/bd/system_interconnect/ipshared/3fa0/hdl/axi_crossbar_v2_1_vl_rfs.v:4460]
INFO: [Synth 8-6157] synthesizing module 'axi_crossbar_v2_1_27_wdata_router' [c:/Users/eorzes/cernbox/git/fanout_sma/src/bd/system_interconnect/ipshared/3fa0/hdl/axi_crossbar_v2_1_vl_rfs.v:4735]
INFO: [Synth 8-6157] synthesizing module 'axi_data_fifo_v2_1_25_axic_reg_srl_fifo' [c:/Users/eorzes/cernbox/git/fanout_sma/src/bd/system_interconnect/ipshared/5390/hdl/axi_data_fifo_v2_1_vl_rfs.v:888]
INFO: [Synth 8-155] case statement is not full and has no default [c:/Users/eorzes/cernbox/git/fanout_sma/src/bd/system_interconnect/ipshared/5390/hdl/axi_data_fifo_v2_1_vl_rfs.v:986]
INFO: [Synth 8-6155] done synthesizing module 'axi_data_fifo_v2_1_25_axic_reg_srl_fifo' (0#1) [c:/Users/eorzes/cernbox/git/fanout_sma/src/bd/system_interconnect/ipshared/5390/hdl/axi_data_fifo_v2_1_vl_rfs.v:888]
INFO: [Synth 8-6155] done synthesizing module 'axi_crossbar_v2_1_27_wdata_router' (0#1) [c:/Users/eorzes/cernbox/git/fanout_sma/src/bd/system_interconnect/ipshared/3fa0/hdl/axi_crossbar_v2_1_vl_rfs.v:4735]
INFO: [Synth 8-6157] synthesizing module 'axi_data_fifo_v2_1_25_axic_srl_fifo__parameterized0' [c:/Users/eorzes/cernbox/git/fanout_sma/src/bd/system_interconnect/ipshared/5390/hdl/axi_data_fifo_v2_1_vl_rfs.v:697]
INFO: [Synth 8-6155] done synthesizing module 'axi_data_fifo_v2_1_25_axic_srl_fifo__parameterized0' (0#1) [c:/Users/eorzes/cernbox/git/fanout_sma/src/bd/system_interconnect/ipshared/5390/hdl/axi_data_fifo_v2_1_vl_rfs.v:697]
INFO: [Synth 8-6157] synthesizing module 'axi_crossbar_v2_1_27_wdata_mux' [c:/Users/eorzes/cernbox/git/fanout_sma/src/bd/system_interconnect/ipshared/3fa0/hdl/axi_crossbar_v2_1_vl_rfs.v:4560]
INFO: [Synth 8-6155] done synthesizing module 'axi_crossbar_v2_1_27_wdata_mux' (0#1) [c:/Users/eorzes/cernbox/git/fanout_sma/src/bd/system_interconnect/ipshared/3fa0/hdl/axi_crossbar_v2_1_vl_rfs.v:4560]
INFO: [Synth 8-6157] synthesizing module 'axi_register_slice_v2_1_26_axi_register_slice' [c:/Users/eorzes/cernbox/git/fanout_sma/src/bd/system_interconnect/ipshared/0a3f/hdl/axi_register_slice_v2_1_vl_rfs.v:3725]
INFO: [Synth 8-6157] synthesizing module 'axi_infrastructure_v1_1_0_axi2vector' [c:/Users/eorzes/cernbox/git/fanout_sma/src/bd/system_interconnect/ipshared/ec67/hdl/axi_infrastructure_v1_1_vl_rfs.v:59]
INFO: [Synth 8-6155] done synthesizing module 'axi_infrastructure_v1_1_0_axi2vector' (0#1) [c:/Users/eorzes/cernbox/git/fanout_sma/src/bd/system_interconnect/ipshared/ec67/hdl/axi_infrastructure_v1_1_vl_rfs.v:59]
INFO: [Synth 8-6157] synthesizing module 'axi_infrastructure_v1_1_0_vector2axi' [c:/Users/eorzes/cernbox/git/fanout_sma/src/bd/system_interconnect/ipshared/ec67/hdl/axi_infrastructure_v1_1_vl_rfs.v:473]
INFO: [Synth 8-6155] done synthesizing module 'axi_infrastructure_v1_1_0_vector2axi' (0#1) [c:/Users/eorzes/cernbox/git/fanout_sma/src/bd/system_interconnect/ipshared/ec67/hdl/axi_infrastructure_v1_1_vl_rfs.v:473]
INFO: [Synth 8-6157] synthesizing module 'axi_register_slice_v2_1_26_axic_register_slice' [c:/Users/eorzes/cernbox/git/fanout_sma/src/bd/system_interconnect/ipshared/0a3f/hdl/axi_register_slice_v2_1_vl_rfs.v:1497]
INFO: [Synth 8-6155] done synthesizing module 'axi_register_slice_v2_1_26_axic_register_slice' (0#1) [c:/Users/eorzes/cernbox/git/fanout_sma/src/bd/system_interconnect/ipshared/0a3f/hdl/axi_register_slice_v2_1_vl_rfs.v:1497]
INFO: [Synth 8-6157] synthesizing module 'axi_register_slice_v2_1_26_axic_register_slice__parameterized0' [c:/Users/eorzes/cernbox/git/fanout_sma/src/bd/system_interconnect/ipshared/0a3f/hdl/axi_register_slice_v2_1_vl_rfs.v:1497]
INFO: [Synth 8-6155] done synthesizing module 'axi_register_slice_v2_1_26_axic_register_slice__parameterized0' (0#1) [c:/Users/eorzes/cernbox/git/fanout_sma/src/bd/system_interconnect/ipshared/0a3f/hdl/axi_register_slice_v2_1_vl_rfs.v:1497]
INFO: [Synth 8-6157] synthesizing module 'axi_register_slice_v2_1_26_axic_register_slice__parameterized1' [c:/Users/eorzes/cernbox/git/fanout_sma/src/bd/system_interconnect/ipshared/0a3f/hdl/axi_register_slice_v2_1_vl_rfs.v:1497]
INFO: [Synth 8-6155] done synthesizing module 'axi_register_slice_v2_1_26_axic_register_slice__parameterized1' (0#1) [c:/Users/eorzes/cernbox/git/fanout_sma/src/bd/system_interconnect/ipshared/0a3f/hdl/axi_register_slice_v2_1_vl_rfs.v:1497]
INFO: [Synth 8-6157] synthesizing module 'axi_register_slice_v2_1_26_axic_register_slice__parameterized2' [c:/Users/eorzes/cernbox/git/fanout_sma/src/bd/system_interconnect/ipshared/0a3f/hdl/axi_register_slice_v2_1_vl_rfs.v:1497]
INFO: [Synth 8-6155] done synthesizing module 'axi_register_slice_v2_1_26_axic_register_slice__parameterized2' (0#1) [c:/Users/eorzes/cernbox/git/fanout_sma/src/bd/system_interconnect/ipshared/0a3f/hdl/axi_register_slice_v2_1_vl_rfs.v:1497]
INFO: [Synth 8-6155] done synthesizing module 'axi_register_slice_v2_1_26_axi_register_slice' (0#1) [c:/Users/eorzes/cernbox/git/fanout_sma/src/bd/system_interconnect/ipshared/0a3f/hdl/axi_register_slice_v2_1_vl_rfs.v:3725]
WARNING: [Synth 8-7071] port 'aclk2x' of module 'axi_register_slice_v2_1_26_axi_register_slice' is unconnected for instance 'reg_slice_mi' [c:/Users/eorzes/cernbox/git/fanout_sma/src/bd/system_interconnect/ipshared/3fa0/hdl/axi_crossbar_v2_1_vl_rfs.v:3122]
WARNING: [Synth 8-7023] instance 'reg_slice_mi' of module 'axi_register_slice_v2_1_26_axi_register_slice' has 93 connections declared, but only 92 given [c:/Users/eorzes/cernbox/git/fanout_sma/src/bd/system_interconnect/ipshared/3fa0/hdl/axi_crossbar_v2_1_vl_rfs.v:3122]
WARNING: [Synth 8-7071] port 'aclk2x' of module 'axi_register_slice_v2_1_26_axi_register_slice' is unconnected for instance 'reg_slice_mi' [c:/Users/eorzes/cernbox/git/fanout_sma/src/bd/system_interconnect/ipshared/3fa0/hdl/axi_crossbar_v2_1_vl_rfs.v:3122]
WARNING: [Synth 8-7023] instance 'reg_slice_mi' of module 'axi_register_slice_v2_1_26_axi_register_slice' has 93 connections declared, but only 92 given [c:/Users/eorzes/cernbox/git/fanout_sma/src/bd/system_interconnect/ipshared/3fa0/hdl/axi_crossbar_v2_1_vl_rfs.v:3122]
WARNING: [Synth 8-7071] port 'aclk2x' of module 'axi_register_slice_v2_1_26_axi_register_slice' is unconnected for instance 'reg_slice_mi' [c:/Users/eorzes/cernbox/git/fanout_sma/src/bd/system_interconnect/ipshared/3fa0/hdl/axi_crossbar_v2_1_vl_rfs.v:3122]
WARNING: [Synth 8-7023] instance 'reg_slice_mi' of module 'axi_register_slice_v2_1_26_axi_register_slice' has 93 connections declared, but only 92 given [c:/Users/eorzes/cernbox/git/fanout_sma/src/bd/system_interconnect/ipshared/3fa0/hdl/axi_crossbar_v2_1_vl_rfs.v:3122]
WARNING: [Synth 8-7071] port 'aclk2x' of module 'axi_register_slice_v2_1_26_axi_register_slice' is unconnected for instance 'reg_slice_mi' [c:/Users/eorzes/cernbox/git/fanout_sma/src/bd/system_interconnect/ipshared/3fa0/hdl/axi_crossbar_v2_1_vl_rfs.v:3122]
WARNING: [Synth 8-7023] instance 'reg_slice_mi' of module 'axi_register_slice_v2_1_26_axi_register_slice' has 93 connections declared, but only 92 given [c:/Users/eorzes/cernbox/git/fanout_sma/src/bd/system_interconnect/ipshared/3fa0/hdl/axi_crossbar_v2_1_vl_rfs.v:3122]
WARNING: [Synth 8-7071] port 'aclk2x' of module 'axi_register_slice_v2_1_26_axi_register_slice' is unconnected for instance 'reg_slice_mi' [c:/Users/eorzes/cernbox/git/fanout_sma/src/bd/system_interconnect/ipshared/3fa0/hdl/axi_crossbar_v2_1_vl_rfs.v:3122]
WARNING: [Synth 8-7023] instance 'reg_slice_mi' of module 'axi_register_slice_v2_1_26_axi_register_slice' has 93 connections declared, but only 92 given [c:/Users/eorzes/cernbox/git/fanout_sma/src/bd/system_interconnect/ipshared/3fa0/hdl/axi_crossbar_v2_1_vl_rfs.v:3122]
WARNING: [Synth 8-7071] port 'aclk2x' of module 'axi_register_slice_v2_1_26_axi_register_slice' is unconnected for instance 'reg_slice_mi' [c:/Users/eorzes/cernbox/git/fanout_sma/src/bd/system_interconnect/ipshared/3fa0/hdl/axi_crossbar_v2_1_vl_rfs.v:3122]
WARNING: [Synth 8-7023] instance 'reg_slice_mi' of module 'axi_register_slice_v2_1_26_axi_register_slice' has 93 connections declared, but only 92 given [c:/Users/eorzes/cernbox/git/fanout_sma/src/bd/system_interconnect/ipshared/3fa0/hdl/axi_crossbar_v2_1_vl_rfs.v:3122]
INFO: [Synth 8-6157] synthesizing module 'axi_data_fifo_v2_1_25_axic_srl_fifo__parameterized1' [c:/Users/eorzes/cernbox/git/fanout_sma/src/bd/system_interconnect/ipshared/5390/hdl/axi_data_fifo_v2_1_vl_rfs.v:697]
INFO: [Synth 8-6155] done synthesizing module 'axi_data_fifo_v2_1_25_axic_srl_fifo__parameterized1' (0#1) [c:/Users/eorzes/cernbox/git/fanout_sma/src/bd/system_interconnect/ipshared/5390/hdl/axi_data_fifo_v2_1_vl_rfs.v:697]
INFO: [Synth 8-6157] synthesizing module 'axi_crossbar_v2_1_27_wdata_mux__parameterized0' [c:/Users/eorzes/cernbox/git/fanout_sma/src/bd/system_interconnect/ipshared/3fa0/hdl/axi_crossbar_v2_1_vl_rfs.v:4560]
INFO: [Synth 8-6155] done synthesizing module 'axi_crossbar_v2_1_27_wdata_mux__parameterized0' (0#1) [c:/Users/eorzes/cernbox/git/fanout_sma/src/bd/system_interconnect/ipshared/3fa0/hdl/axi_crossbar_v2_1_vl_rfs.v:4560]
WARNING: [Synth 8-7071] port 'aclk2x' of module 'axi_register_slice_v2_1_26_axi_register_slice' is unconnected for instance 'reg_slice_mi' [c:/Users/eorzes/cernbox/git/fanout_sma/src/bd/system_interconnect/ipshared/3fa0/hdl/axi_crossbar_v2_1_vl_rfs.v:3122]
WARNING: [Synth 8-7023] instance 'reg_slice_mi' of module 'axi_register_slice_v2_1_26_axi_register_slice' has 93 connections declared, but only 92 given [c:/Users/eorzes/cernbox/git/fanout_sma/src/bd/system_interconnect/ipshared/3fa0/hdl/axi_crossbar_v2_1_vl_rfs.v:3122]
INFO: [Synth 8-6157] synthesizing module 'axi_crossbar_v2_1_27_decerr_slave' [c:/Users/eorzes/cernbox/git/fanout_sma/src/bd/system_interconnect/ipshared/3fa0/hdl/axi_crossbar_v2_1_vl_rfs.v:3500]
INFO: [Synth 8-155] case statement is not full and has no default [c:/Users/eorzes/cernbox/git/fanout_sma/src/bd/system_interconnect/ipshared/3fa0/hdl/axi_crossbar_v2_1_vl_rfs.v:3633]
INFO: [Synth 8-6155] done synthesizing module 'axi_crossbar_v2_1_27_decerr_slave' (0#1) [c:/Users/eorzes/cernbox/git/fanout_sma/src/bd/system_interconnect/ipshared/3fa0/hdl/axi_crossbar_v2_1_vl_rfs.v:3500]
INFO: [Synth 8-6157] synthesizing module 'axi_crossbar_v2_1_27_addr_arbiter' [c:/Users/eorzes/cernbox/git/fanout_sma/src/bd/system_interconnect/ipshared/3fa0/hdl/axi_crossbar_v2_1_vl_rfs.v:422]
INFO: [Synth 8-6155] done synthesizing module 'axi_crossbar_v2_1_27_addr_arbiter' (0#1) [c:/Users/eorzes/cernbox/git/fanout_sma/src/bd/system_interconnect/ipshared/3fa0/hdl/axi_crossbar_v2_1_vl_rfs.v:422]
INFO: [Synth 8-6155] done synthesizing module 'axi_crossbar_v2_1_27_crossbar' (0#1) [c:/Users/eorzes/cernbox/git/fanout_sma/src/bd/system_interconnect/ipshared/3fa0/hdl/axi_crossbar_v2_1_vl_rfs.v:2238]
INFO: [Synth 8-6155] done synthesizing module 'axi_crossbar_v2_1_27_axi_crossbar' (0#1) [c:/Users/eorzes/cernbox/git/fanout_sma/src/bd/system_interconnect/ipshared/3fa0/hdl/axi_crossbar_v2_1_vl_rfs.v:4883]
INFO: [Synth 8-6155] done synthesizing module 'system_interconnect_xbar_0' (0#1) [c:/Users/eorzes/cernbox/git/fanout_sma/src/bd/system_interconnect/ip/system_interconnect_xbar_0/synth/system_interconnect_xbar_0.v:53]
WARNING: [Synth 8-6014] Unused sequential element areset_d1_reg was removed.  [c:/Users/eorzes/cernbox/git/fanout_sma/src/bd/system_interconnect/ipshared/5390/hdl/axi_data_fifo_v2_1_vl_rfs.v:750]
WARNING: [Synth 8-6014] Unused sequential element S_READY_i_reg was removed.  [c:/Users/eorzes/cernbox/git/fanout_sma/src/bd/system_interconnect/ipshared/5390/hdl/axi_data_fifo_v2_1_vl_rfs.v:789]
WARNING: [Synth 8-6014] Unused sequential element gen_single_thread.debug_r_beat_cnt_i_reg was removed.  [c:/Users/eorzes/cernbox/git/fanout_sma/src/bd/system_interconnect/ipshared/3fa0/hdl/axi_crossbar_v2_1_vl_rfs.v:4192]
WARNING: [Synth 8-6014] Unused sequential element gen_single_thread.active_id_reg was removed.  [c:/Users/eorzes/cernbox/git/fanout_sma/src/bd/system_interconnect/ipshared/3fa0/hdl/axi_crossbar_v2_1_vl_rfs.v:4150]
WARNING: [Synth 8-6014] Unused sequential element gen_single_thread.debug_r_beat_cnt_i_reg was removed.  [c:/Users/eorzes/cernbox/git/fanout_sma/src/bd/system_interconnect/ipshared/3fa0/hdl/axi_crossbar_v2_1_vl_rfs.v:4192]
WARNING: [Synth 8-6014] Unused sequential element gen_single_thread.active_id_reg was removed.  [c:/Users/eorzes/cernbox/git/fanout_sma/src/bd/system_interconnect/ipshared/3fa0/hdl/axi_crossbar_v2_1_vl_rfs.v:4150]
WARNING: [Synth 8-6014] Unused sequential element areset_d1_reg was removed.  [c:/Users/eorzes/cernbox/git/fanout_sma/src/bd/system_interconnect/ipshared/5390/hdl/axi_data_fifo_v2_1_vl_rfs.v:750]
WARNING: [Synth 8-6014] Unused sequential element S_READY_i_reg was removed.  [c:/Users/eorzes/cernbox/git/fanout_sma/src/bd/system_interconnect/ipshared/5390/hdl/axi_data_fifo_v2_1_vl_rfs.v:789]
WARNING: [Synth 8-6014] Unused sequential element areset_d1_reg was removed.  [c:/Users/eorzes/cernbox/git/fanout_sma/src/bd/system_interconnect/ipshared/5390/hdl/axi_data_fifo_v2_1_vl_rfs.v:750]
WARNING: [Synth 8-6014] Unused sequential element S_READY_i_reg was removed.  [c:/Users/eorzes/cernbox/git/fanout_sma/src/bd/system_interconnect/ipshared/5390/hdl/axi_data_fifo_v2_1_vl_rfs.v:789]
WARNING: [Synth 8-6014] Unused sequential element gen_master_slots[0].gen_mi_write.gen_debug_w.debug_w_beat_cnt_i_reg was removed.  [c:/Users/eorzes/cernbox/git/fanout_sma/src/bd/system_interconnect/ipshared/3fa0/hdl/axi_crossbar_v2_1_vl_rfs.v:2997]
WARNING: [Synth 8-6014] Unused sequential element gen_master_slots[1].gen_mi_write.gen_debug_w.debug_w_beat_cnt_i_reg was removed.  [c:/Users/eorzes/cernbox/git/fanout_sma/src/bd/system_interconnect/ipshared/3fa0/hdl/axi_crossbar_v2_1_vl_rfs.v:2997]
WARNING: [Synth 8-6014] Unused sequential element gen_master_slots[2].gen_mi_write.gen_debug_w.debug_w_beat_cnt_i_reg was removed.  [c:/Users/eorzes/cernbox/git/fanout_sma/src/bd/system_interconnect/ipshared/3fa0/hdl/axi_crossbar_v2_1_vl_rfs.v:2997]
WARNING: [Synth 8-6014] Unused sequential element gen_master_slots[3].gen_mi_write.gen_debug_w.debug_w_beat_cnt_i_reg was removed.  [c:/Users/eorzes/cernbox/git/fanout_sma/src/bd/system_interconnect/ipshared/3fa0/hdl/axi_crossbar_v2_1_vl_rfs.v:2997]
WARNING: [Synth 8-6014] Unused sequential element gen_master_slots[4].gen_mi_write.gen_debug_w.debug_w_beat_cnt_i_reg was removed.  [c:/Users/eorzes/cernbox/git/fanout_sma/src/bd/system_interconnect/ipshared/3fa0/hdl/axi_crossbar_v2_1_vl_rfs.v:2997]
WARNING: [Synth 8-6014] Unused sequential element gen_master_slots[5].gen_mi_write.gen_debug_w.debug_w_beat_cnt_i_reg was removed.  [c:/Users/eorzes/cernbox/git/fanout_sma/src/bd/system_interconnect/ipshared/3fa0/hdl/axi_crossbar_v2_1_vl_rfs.v:2997]
WARNING: [Synth 8-6014] Unused sequential element gen_master_slots[6].gen_mi_write.gen_debug_w.debug_w_beat_cnt_i_reg was removed.  [c:/Users/eorzes/cernbox/git/fanout_sma/src/bd/system_interconnect/ipshared/3fa0/hdl/axi_crossbar_v2_1_vl_rfs.v:2997]
WARNING: [Synth 8-7129] Port ACLK in module axi_register_slice_v2_1_26_axic_register_slice is either unconnected or has no load
WARNING: [Synth 8-7129] Port ARESET in module axi_register_slice_v2_1_26_axic_register_slice is either unconnected or has no load
WARNING: [Synth 8-7129] Port ACLK in module axi_register_slice_v2_1_26_axic_register_slice__parameterized0 is either unconnected or has no load
WARNING: [Synth 8-7129] Port ARESET in module axi_register_slice_v2_1_26_axic_register_slice__parameterized0 is either unconnected or has no load
WARNING: [Synth 8-7129] Port m_axi_buser[0] in module axi_infrastructure_v1_1_0_vector2axi is either unconnected or has no load
WARNING: [Synth 8-7129] Port m_axi_ruser[0] in module axi_infrastructure_v1_1_0_vector2axi is either unconnected or has no load
WARNING: [Synth 8-7129] Port s_axi_awuser[0] in module axi_infrastructure_v1_1_0_axi2vector is either unconnected or has no load
WARNING: [Synth 8-7129] Port s_axi_wid[0] in module axi_infrastructure_v1_1_0_axi2vector is either unconnected or has no load
WARNING: [Synth 8-7129] Port s_axi_wuser[0] in module axi_infrastructure_v1_1_0_axi2vector is either unconnected or has no load
WARNING: [Synth 8-7129] Port s_axi_aruser[0] in module axi_infrastructure_v1_1_0_axi2vector is either unconnected or has no load
WARNING: [Synth 8-7129] Port aclk2x in module axi_register_slice_v2_1_26_axi_register_slice is either unconnected or has no load
WARNING: [Synth 8-7129] Port ACLK in module axi_crossbar_v2_1_27_wdata_mux__parameterized0 is either unconnected or has no load
WARNING: [Synth 8-7129] Port ARESET in module axi_crossbar_v2_1_27_wdata_mux__parameterized0 is either unconnected or has no load
WARNING: [Synth 8-7129] Port S_ASELECT[0] in module axi_crossbar_v2_1_27_wdata_mux__parameterized0 is either unconnected or has no load
WARNING: [Synth 8-7129] Port S_AVALID in module axi_crossbar_v2_1_27_wdata_mux__parameterized0 is either unconnected or has no load
WARNING: [Synth 8-7129] Port ACLK in module axi_crossbar_v2_1_27_wdata_mux is either unconnected or has no load
WARNING: [Synth 8-7129] Port ARESET in module axi_crossbar_v2_1_27_wdata_mux is either unconnected or has no load
WARNING: [Synth 8-7129] Port S_ASELECT[0] in module axi_crossbar_v2_1_27_wdata_mux is either unconnected or has no load
WARNING: [Synth 8-7129] Port S_AVALID in module axi_crossbar_v2_1_27_wdata_mux is either unconnected or has no load
WARNING: [Synth 8-7129] Port ADDR[1] in module axi_crossbar_v2_1_27_addr_decoder is either unconnected or has no load
WARNING: [Synth 8-7129] Port ADDR[0] in module axi_crossbar_v2_1_27_addr_decoder is either unconnected or has no load
WARNING: [Synth 8-7129] Port S_ABURST[1] in module axi_crossbar_v2_1_27_si_transactor__parameterized0 is either unconnected or has no load
WARNING: [Synth 8-7129] Port S_ABURST[0] in module axi_crossbar_v2_1_27_si_transactor__parameterized0 is either unconnected or has no load
WARNING: [Synth 8-7129] Port S_ABURST[1] in module axi_crossbar_v2_1_27_si_transactor is either unconnected or has no load
WARNING: [Synth 8-7129] Port S_ABURST[0] in module axi_crossbar_v2_1_27_si_transactor is either unconnected or has no load
WARNING: [Synth 8-7129] Port S_AXI_AWID[0] in module axi_crossbar_v2_1_27_crossbar is either unconnected or has no load
WARNING: [Synth 8-7129] Port S_AXI_WID[0] in module axi_crossbar_v2_1_27_crossbar is either unconnected or has no load
WARNING: [Synth 8-7129] Port S_AXI_ARID[0] in module axi_crossbar_v2_1_27_crossbar is either unconnected or has no load
WARNING: [Synth 8-7129] Port s_axi_awid[0] in module axi_crossbar_v2_1_27_axi_crossbar is either unconnected or has no load
WARNING: [Synth 8-7129] Port s_axi_awuser[0] in module axi_crossbar_v2_1_27_axi_crossbar is either unconnected or has no load
WARNING: [Synth 8-7129] Port s_axi_wid[0] in module axi_crossbar_v2_1_27_axi_crossbar is either unconnected or has no load
WARNING: [Synth 8-7129] Port s_axi_wuser[0] in module axi_crossbar_v2_1_27_axi_crossbar is either unconnected or has no load
WARNING: [Synth 8-7129] Port s_axi_arid[0] in module axi_crossbar_v2_1_27_axi_crossbar is either unconnected or has no load
WARNING: [Synth 8-7129] Port s_axi_aruser[0] in module axi_crossbar_v2_1_27_axi_crossbar is either unconnected or has no load
WARNING: [Synth 8-7129] Port m_axi_buser[5] in module axi_crossbar_v2_1_27_axi_crossbar is either unconnected or has no load
WARNING: [Synth 8-7129] Port m_axi_buser[4] in module axi_crossbar_v2_1_27_axi_crossbar is either unconnected or has no load
WARNING: [Synth 8-7129] Port m_axi_buser[3] in module axi_crossbar_v2_1_27_axi_crossbar is either unconnected or has no load
WARNING: [Synth 8-7129] Port m_axi_buser[2] in module axi_crossbar_v2_1_27_axi_crossbar is either unconnected or has no load
WARNING: [Synth 8-7129] Port m_axi_buser[1] in module axi_crossbar_v2_1_27_axi_crossbar is either unconnected or has no load
WARNING: [Synth 8-7129] Port m_axi_buser[0] in module axi_crossbar_v2_1_27_axi_crossbar is either unconnected or has no load
WARNING: [Synth 8-7129] Port m_axi_ruser[5] in module axi_crossbar_v2_1_27_axi_crossbar is either unconnected or has no load
WARNING: [Synth 8-7129] Port m_axi_ruser[4] in module axi_crossbar_v2_1_27_axi_crossbar is either unconnected or has no load
WARNING: [Synth 8-7129] Port m_axi_ruser[3] in module axi_crossbar_v2_1_27_axi_crossbar is either unconnected or has no load
WARNING: [Synth 8-7129] Port m_axi_ruser[2] in module axi_crossbar_v2_1_27_axi_crossbar is either unconnected or has no load
WARNING: [Synth 8-7129] Port m_axi_ruser[1] in module axi_crossbar_v2_1_27_axi_crossbar is either unconnected or has no load
WARNING: [Synth 8-7129] Port m_axi_ruser[0] in module axi_crossbar_v2_1_27_axi_crossbar is either unconnected or has no load
---------------------------------------------------------------------------------
Finished RTL Elaboration : Time (s): cpu = 00:00:31 ; elapsed = 00:00:39 . Memory (MB): peak = 1949.820 ; gain = 550.570
---------------------------------------------------------------------------------
---------------------------------------------------------------------------------
Start Handling Custom Attributes
---------------------------------------------------------------------------------
---------------------------------------------------------------------------------
Finished Handling Custom Attributes : Time (s): cpu = 00:00:32 ; elapsed = 00:00:40 . Memory (MB): peak = 1949.820 ; gain = 550.570
---------------------------------------------------------------------------------
---------------------------------------------------------------------------------
Finished RTL Optimization Phase 1 : Time (s): cpu = 00:00:32 ; elapsed = 00:00:40 . Memory (MB): peak = 1949.820 ; gain = 550.570
---------------------------------------------------------------------------------
Netlist sorting complete. Time (s): cpu = 00:00:00 ; elapsed = 00:00:00.355 . Memory (MB): peak = 1949.820 ; gain = 0.000
INFO: [Project 1-570] Preparing netlist for logic optimization

Processing XDC Constraints
Initializing timing engine
Parsing XDC File [c:/Users/eorzes/cernbox/git/fanout_sma/src/bd/system_interconnect/ip/system_interconnect_xbar_0/system_interconnect_xbar_0_ooc.xdc] for cell 'inst'
create_clock: Time (s): cpu = 00:00:10 ; elapsed = 00:00:11 . Memory (MB): peak = 2021.324 ; gain = 3.660
Finished Parsing XDC File [c:/Users/eorzes/cernbox/git/fanout_sma/src/bd/system_interconnect/ip/system_interconnect_xbar_0/system_interconnect_xbar_0_ooc.xdc] for cell 'inst'
Parsing XDC File [C:/Users/eorzes/cernbox/git/fanout_sma/prj/m_top/m_top.runs/system_interconnect_xbar_0_synth_1/dont_touch.xdc]
Finished Parsing XDC File [C:/Users/eorzes/cernbox/git/fanout_sma/prj/m_top/m_top.runs/system_interconnect_xbar_0_synth_1/dont_touch.xdc]
Completed Processing XDC Constraints

Netlist sorting complete. Time (s): cpu = 00:00:00 ; elapsed = 00:00:00.006 . Memory (MB): peak = 2021.324 ; gain = 0.000
INFO: [Project 1-111] Unisim Transformation Summary:
No Unisim elements were transformed.

Constraint Validation Runtime : Time (s): cpu = 00:00:00 ; elapsed = 00:00:00.305 . Memory (MB): peak = 2021.383 ; gain = 0.059
INFO: [Designutils 20-5008] Incremental synthesis strategy off
---------------------------------------------------------------------------------
Finished Constraint Validation : Time (s): cpu = 00:01:00 ; elapsed = 00:01:11 . Memory (MB): peak = 2021.383 ; gain = 622.133
---------------------------------------------------------------------------------
---------------------------------------------------------------------------------
Start Loading Part and Timing Information
---------------------------------------------------------------------------------
Loading part: xczu9eg-ffvb1156-2-e
INFO: [Synth 8-6742] Reading net delay rules and data
---------------------------------------------------------------------------------
Finished Loading Part and Timing Information : Time (s): cpu = 00:01:00 ; elapsed = 00:01:11 . Memory (MB): peak = 2021.383 ; gain = 622.133
---------------------------------------------------------------------------------
---------------------------------------------------------------------------------
Start Applying 'set_property' XDC Constraints
---------------------------------------------------------------------------------
Applied set_property KEEP_HIERARCHY = SOFT for inst. (constraint file  C:/Users/eorzes/cernbox/git/fanout_sma/prj/m_top/m_top.runs/system_interconnect_xbar_0_synth_1/dont_touch.xdc, line 9).
---------------------------------------------------------------------------------
Finished applying 'set_property' XDC Constraints : Time (s): cpu = 00:01:00 ; elapsed = 00:01:11 . Memory (MB): peak = 2021.383 ; gain = 622.133
---------------------------------------------------------------------------------
INFO: [Synth 8-802] inferred FSM for state register 'state_reg' in module 'axi_data_fifo_v2_1_25_axic_reg_srl_fifo'
INFO: [Synth 8-802] inferred FSM for state register 'gen_axi.write_cs_reg' in module 'axi_crossbar_v2_1_27_decerr_slave'
---------------------------------------------------------------------------------------------------
                   State |                     New Encoding |                Previous Encoding 
---------------------------------------------------------------------------------------------------
                    ZERO |                             1000 |                               10
                     ONE |                             0010 |                               11
                     TWO |                             0001 |                               01
                  iSTATE |                             0100 |                               00
---------------------------------------------------------------------------------------------------
INFO: [Synth 8-3354] encoded FSM with state register 'state_reg' using encoding 'one-hot' in module 'axi_data_fifo_v2_1_25_axic_reg_srl_fifo'
---------------------------------------------------------------------------------------------------
                   State |                     New Encoding |                Previous Encoding 
---------------------------------------------------------------------------------------------------
            P_WRITE_IDLE |                              001 |                               00
            P_WRITE_DATA |                              010 |                               01
            P_WRITE_RESP |                              100 |                               10
---------------------------------------------------------------------------------------------------
INFO: [Synth 8-3354] encoded FSM with state register 'gen_axi.write_cs_reg' using encoding 'one-hot' in module 'axi_crossbar_v2_1_27_decerr_slave'
---------------------------------------------------------------------------------
Finished RTL Optimization Phase 2 : Time (s): cpu = 00:01:02 ; elapsed = 00:01:13 . Memory (MB): peak = 2021.383 ; gain = 622.133
---------------------------------------------------------------------------------
---------------------------------------------------------------------------------
Start RTL Component Statistics 
---------------------------------------------------------------------------------
Detailed RTL Component Info : 
+---Adders : 
	   2 Input    8 Bit       Adders := 3     
	   2 Input    2 Bit       Adders := 25    
	   2 Input    1 Bit       Adders := 2     
+---XORs : 
	   2 Input      1 Bit         XORs := 10    
+---Registers : 
	               64 Bit    Registers := 2     
	               36 Bit    Registers := 14    
	                8 Bit    Registers := 3     
	                7 Bit    Registers := 4     
	                4 Bit    Registers := 3     
	                3 Bit    Registers := 9     
	                2 Bit    Registers := 28    
	                1 Bit    Registers := 55    
+---Muxes : 
	   2 Input   56 Bit        Muxes := 14    
	   2 Input   36 Bit        Muxes := 14    
	   2 Input    8 Bit        Muxes := 1     
	   2 Input    7 Bit        Muxes := 2     
	   2 Input    6 Bit        Muxes := 2     
	   3 Input    4 Bit        Muxes := 1     
	   2 Input    4 Bit        Muxes := 4     
	   2 Input    3 Bit        Muxes := 2     
	   2 Input    2 Bit        Muxes := 38    
	   2 Input    1 Bit        Muxes := 61    
	   4 Input    1 Bit        Muxes := 3     
	   3 Input    1 Bit        Muxes := 9     
---------------------------------------------------------------------------------
Finished RTL Component Statistics 
---------------------------------------------------------------------------------
---------------------------------------------------------------------------------
Start Part Resource Summary
---------------------------------------------------------------------------------
Part Resources:
DSPs: 2520 (col length:168)
BRAMs: 1824 (col length: RAMB18 168 RAMB36 84)
---------------------------------------------------------------------------------
Finished Part Resource Summary
---------------------------------------------------------------------------------
---------------------------------------------------------------------------------
Start Cross Boundary and Area Optimization
---------------------------------------------------------------------------------
WARNING: [Synth 8-7080] Parallel synthesis criteria is not met
WARNING: [Synth 8-7129] Port aclk2x in module axi_register_slice_v2_1_26_axi_register_slice is either unconnected or has no load
WARNING: [Synth 8-7129] Port s_axi_awuser[0] in module axi_register_slice_v2_1_26_axi_register_slice is either unconnected or has no load
WARNING: [Synth 8-7129] Port s_axi_wid[0] in module axi_register_slice_v2_1_26_axi_register_slice is either unconnected or has no load
WARNING: [Synth 8-7129] Port s_axi_wuser[0] in module axi_register_slice_v2_1_26_axi_register_slice is either unconnected or has no load
WARNING: [Synth 8-7129] Port s_axi_aruser[0] in module axi_register_slice_v2_1_26_axi_register_slice is either unconnected or has no load
WARNING: [Synth 8-7129] Port m_axi_buser[0] in module axi_register_slice_v2_1_26_axi_register_slice is either unconnected or has no load
WARNING: [Synth 8-7129] Port m_axi_ruser[0] in module axi_register_slice_v2_1_26_axi_register_slice is either unconnected or has no load
WARNING: [Synth 8-7129] Port S_ABURST[1] in module axi_crossbar_v2_1_27_si_transactor__parameterized0 is either unconnected or has no load
WARNING: [Synth 8-7129] Port S_ABURST[0] in module axi_crossbar_v2_1_27_si_transactor__parameterized0 is either unconnected or has no load
WARNING: [Synth 8-7129] Port S_ABURST[1] in module axi_crossbar_v2_1_27_si_transactor is either unconnected or has no load
WARNING: [Synth 8-7129] Port S_ABURST[0] in module axi_crossbar_v2_1_27_si_transactor is either unconnected or has no load
WARNING: [Synth 8-7129] Port S_AXI_AWID[0] in module axi_crossbar_v2_1_27_crossbar is either unconnected or has no load
WARNING: [Synth 8-7129] Port S_AXI_WID[0] in module axi_crossbar_v2_1_27_crossbar is either unconnected or has no load
WARNING: [Synth 8-7129] Port S_AXI_ARID[0] in module axi_crossbar_v2_1_27_crossbar is either unconnected or has no load
WARNING: [Synth 8-7129] Port s_axi_awid[0] in module axi_crossbar_v2_1_27_axi_crossbar is either unconnected or has no load
WARNING: [Synth 8-7129] Port s_axi_awuser[0] in module axi_crossbar_v2_1_27_axi_crossbar is either unconnected or has no load
WARNING: [Synth 8-7129] Port s_axi_wid[0] in module axi_crossbar_v2_1_27_axi_crossbar is either unconnected or has no load
WARNING: [Synth 8-7129] Port s_axi_wuser[0] in module axi_crossbar_v2_1_27_axi_crossbar is either unconnected or has no load
WARNING: [Synth 8-7129] Port s_axi_arid[0] in module axi_crossbar_v2_1_27_axi_crossbar is either unconnected or has no load
WARNING: [Synth 8-7129] Port s_axi_aruser[0] in module axi_crossbar_v2_1_27_axi_crossbar is either unconnected or has no load
WARNING: [Synth 8-7129] Port m_axi_buser[5] in module axi_crossbar_v2_1_27_axi_crossbar is either unconnected or has no load
WARNING: [Synth 8-7129] Port m_axi_buser[4] in module axi_crossbar_v2_1_27_axi_crossbar is either unconnected or has no load
WARNING: [Synth 8-7129] Port m_axi_buser[3] in module axi_crossbar_v2_1_27_axi_crossbar is either unconnected or has no load
WARNING: [Synth 8-7129] Port m_axi_buser[2] in module axi_crossbar_v2_1_27_axi_crossbar is either unconnected or has no load
WARNING: [Synth 8-7129] Port m_axi_buser[1] in module axi_crossbar_v2_1_27_axi_crossbar is either unconnected or has no load
WARNING: [Synth 8-7129] Port m_axi_buser[0] in module axi_crossbar_v2_1_27_axi_crossbar is either unconnected or has no load
WARNING: [Synth 8-7129] Port m_axi_ruser[5] in module axi_crossbar_v2_1_27_axi_crossbar is either unconnected or has no load
WARNING: [Synth 8-7129] Port m_axi_ruser[4] in module axi_crossbar_v2_1_27_axi_crossbar is either unconnected or has no load
WARNING: [Synth 8-7129] Port m_axi_ruser[3] in module axi_crossbar_v2_1_27_axi_crossbar is either unconnected or has no load
WARNING: [Synth 8-7129] Port m_axi_ruser[2] in module axi_crossbar_v2_1_27_axi_crossbar is either unconnected or has no load
WARNING: [Synth 8-7129] Port m_axi_ruser[1] in module axi_crossbar_v2_1_27_axi_crossbar is either unconnected or has no load
WARNING: [Synth 8-7129] Port m_axi_ruser[0] in module axi_crossbar_v2_1_27_axi_crossbar is either unconnected or has no load
INFO: [Synth 8-3332] Sequential element (gen_samd.crossbar_samd/gen_slave_slots[0].gen_si_write.wdata_router_w/wrouter_aw_fifo/FSM_onehot_state_reg[2]) is unused and will be removed from module axi_crossbar_v2_1_27_axi_crossbar.
---------------------------------------------------------------------------------
Finished Cross Boundary and Area Optimization : Time (s): cpu = 00:01:14 ; elapsed = 00:01:27 . Memory (MB): peak = 2021.383 ; gain = 622.133
---------------------------------------------------------------------------------
---------------------------------------------------------------------------------
Start Applying XDC Timing Constraints
---------------------------------------------------------------------------------
---------------------------------------------------------------------------------
Finished Applying XDC Timing Constraints : Time (s): cpu = 00:01:34 ; elapsed = 00:01:51 . Memory (MB): peak = 2416.270 ; gain = 1017.020
---------------------------------------------------------------------------------
---------------------------------------------------------------------------------
Start Timing Optimization
---------------------------------------------------------------------------------
---------------------------------------------------------------------------------
Finished Timing Optimization : Time (s): cpu = 00:01:41 ; elapsed = 00:01:58 . Memory (MB): peak = 2505.203 ; gain = 1105.953
---------------------------------------------------------------------------------
---------------------------------------------------------------------------------
Start Technology Mapping
---------------------------------------------------------------------------------
---------------------------------------------------------------------------------
Finished Technology Mapping : Time (s): cpu = 00:01:42 ; elapsed = 00:01:59 . Memory (MB): peak = 2505.203 ; gain = 1105.953
---------------------------------------------------------------------------------
---------------------------------------------------------------------------------
Start IO Insertion
---------------------------------------------------------------------------------
---------------------------------------------------------------------------------
Start Flattening Before IO Insertion
---------------------------------------------------------------------------------
---------------------------------------------------------------------------------
Finished Flattening Before IO Insertion
---------------------------------------------------------------------------------
---------------------------------------------------------------------------------
Start Final Netlist Cleanup
---------------------------------------------------------------------------------
---------------------------------------------------------------------------------
Finished Final Netlist Cleanup
---------------------------------------------------------------------------------
---------------------------------------------------------------------------------
Finished IO Insertion : Time (s): cpu = 00:01:53 ; elapsed = 00:02:10 . Memory (MB): peak = 2505.203 ; gain = 1105.953
---------------------------------------------------------------------------------
---------------------------------------------------------------------------------
Start Renaming Generated Instances
---------------------------------------------------------------------------------
---------------------------------------------------------------------------------
Finished Renaming Generated Instances : Time (s): cpu = 00:01:53 ; elapsed = 00:02:10 . Memory (MB): peak = 2505.203 ; gain = 1105.953
---------------------------------------------------------------------------------
---------------------------------------------------------------------------------
Start Rebuilding User Hierarchy
---------------------------------------------------------------------------------
---------------------------------------------------------------------------------
Finished Rebuilding User Hierarchy : Time (s): cpu = 00:01:53 ; elapsed = 00:02:10 . Memory (MB): peak = 2505.203 ; gain = 1105.953
---------------------------------------------------------------------------------
---------------------------------------------------------------------------------
Start Renaming Generated Ports
---------------------------------------------------------------------------------
---------------------------------------------------------------------------------
Finished Renaming Generated Ports : Time (s): cpu = 00:01:53 ; elapsed = 00:02:10 . Memory (MB): peak = 2505.203 ; gain = 1105.953
---------------------------------------------------------------------------------
---------------------------------------------------------------------------------
Start Handling Custom Attributes
---------------------------------------------------------------------------------
---------------------------------------------------------------------------------
Finished Handling Custom Attributes : Time (s): cpu = 00:01:53 ; elapsed = 00:02:11 . Memory (MB): peak = 2505.203 ; gain = 1105.953
---------------------------------------------------------------------------------
---------------------------------------------------------------------------------
Start Renaming Generated Nets
---------------------------------------------------------------------------------
---------------------------------------------------------------------------------
Finished Renaming Generated Nets : Time (s): cpu = 00:01:53 ; elapsed = 00:02:11 . Memory (MB): peak = 2505.203 ; gain = 1105.953
---------------------------------------------------------------------------------
---------------------------------------------------------------------------------
Start ROM, RAM, DSP, Shift Register and Retiming Reporting
---------------------------------------------------------------------------------

Dynamic Shift Register Report:
+------------+------------------------------------------------+--------+------------+--------+---------+--------+--------+--------+
|Module Name | RTL Name                                       | Length | Data Width | SRL16E | SRLC32E | Mux F7 | Mux F8 | Mux F9 | 
+------------+------------------------------------------------+--------+------------+--------+---------+--------+--------+--------+
|dsrl        | gen_rtl_shifter.gen_inferred_srl.shift_reg_reg | 32     | 1          | 0      | 1       | 0      | 0      | 0      | 
+------------+------------------------------------------------+--------+------------+--------+---------+--------+--------+--------+

---------------------------------------------------------------------------------
Finished ROM, RAM, DSP, Shift Register and Retiming Reporting
---------------------------------------------------------------------------------
---------------------------------------------------------------------------------
Start Writing Synthesis Report
---------------------------------------------------------------------------------

Report BlackBoxes: 
+-+--------------+----------+
| |BlackBox name |Instances |
+-+--------------+----------+
+-+--------------+----------+

Report Cell Usage: 
+------+--------+------+
|      |Cell    |Count |
+------+--------+------+
|1     |LUT1    |    21|
|2     |LUT2    |    25|
|3     |LUT3    |   241|
|4     |LUT4    |    72|
|5     |LUT5    |    92|
|6     |LUT6    |   169|
|7     |SRLC32E |     3|
|8     |FDRE    |   667|
|9     |FDSE    |    12|
+------+--------+------+
---------------------------------------------------------------------------------
Finished Writing Synthesis Report : Time (s): cpu = 00:01:53 ; elapsed = 00:02:11 . Memory (MB): peak = 2505.203 ; gain = 1105.953
---------------------------------------------------------------------------------
Synthesis finished with 0 errors, 0 critical warnings and 33 warnings.
Synthesis Optimization Runtime : Time (s): cpu = 00:01:05 ; elapsed = 00:01:53 . Memory (MB): peak = 2505.203 ; gain = 1034.391
Synthesis Optimization Complete : Time (s): cpu = 00:01:53 ; elapsed = 00:02:11 . Memory (MB): peak = 2505.203 ; gain = 1105.953
INFO: [Project 1-571] Translating synthesized netlist
Netlist sorting complete. Time (s): cpu = 00:00:00 ; elapsed = 00:00:00.099 . Memory (MB): peak = 2505.203 ; gain = 0.000
INFO: [Project 1-570] Preparing netlist for logic optimization
INFO: [Opt 31-138] Pushed 0 inverter(s) to 0 load pin(s).
Netlist sorting complete. Time (s): cpu = 00:00:00 ; elapsed = 00:00:00.001 . Memory (MB): peak = 2519.539 ; gain = 0.000
INFO: [Project 1-111] Unisim Transformation Summary:
No Unisim elements were transformed.

Synth Design complete, checksum: 79d2d1db
INFO: [Common 17-83] Releasing license: Synthesis
88 Infos, 111 Warnings, 0 Critical Warnings and 0 Errors encountered.
synth_design completed successfully
synth_design: Time (s): cpu = 00:02:10 ; elapsed = 00:02:50 . Memory (MB): peak = 2519.539 ; gain = 1232.977
INFO: [Common 17-1381] The checkpoint 'C:/Users/eorzes/cernbox/git/fanout_sma/prj/m_top/m_top.runs/system_interconnect_xbar_0_synth_1/system_interconnect_xbar_0.dcp' has been generated.
INFO: [Coretcl 2-1648] Added synthesis output to IP cache for IP system_interconnect_xbar_0, cache-ID = 006158b91bfd65b1
INFO: [Coretcl 2-1174] Renamed 35 cell refs.
INFO: [Common 17-1381] The checkpoint 'C:/Users/eorzes/cernbox/git/fanout_sma/prj/m_top/m_top.runs/system_interconnect_xbar_0_synth_1/system_interconnect_xbar_0.dcp' has been generated.
INFO: [runtcl-4] Executing : report_utilization -file system_interconnect_xbar_0_utilization_synth.rpt -pb system_interconnect_xbar_0_utilization_synth.pb
INFO: [Common 17-206] Exiting Vivado at Mon Jun 19 12:28:36 2023...
