Copyright 1986-2022 Xilinx, Inc. All Rights Reserved.
------------------------------------------------------------------------------------------------------
| Tool Version : Vivado v.2022.1 (win64) Build 3526262 Mon Apr 18 15:48:16 MDT 2022
| Date         : Sat Aug 12 15:45:38 2023
| Host         : PCPHESE71 running 64-bit major release  (build 9200)
| Command      : report_drc -file m_top_drc_opted.rpt -pb m_top_drc_opted.pb -rpx m_top_drc_opted.rpx
| Design       : m_top
| Device       : xczu9eg-ffvb1156-2-e
| Speed File   : -2
| Design State : Synthesized
------------------------------------------------------------------------------------------------------

Report DRC

Table of Contents
-----------------
1. REPORT SUMMARY
2. REPORT DETAILS

1. REPORT SUMMARY
-----------------
            Netlist: netlist
          Floorplan: design_1
      Design limits: <entire design considered>
           Ruledeck: default
             Max violations: <unlimited>
             Violations found: 0
+------+----------+-------------+------------+
| Rule | Severity | Description | Violations |
+------+----------+-------------+------------+
+------+----------+-------------+------------+

2. REPORT DETAILS
-----------------

